app/build/intermediates/manifest_merge_blame_file/debug/manifest-merger-blame-debug-report.txt
1<?xml version="1.0" encoding="utf-8"?>
2<manifest xmlns:android="http://schemas.android.com/apk/res/android"
3    package="ee.eki.ekisynt2"
4    android:installLocation="preferExternal"
5    android:versionCode="1204"
6    android:versionName="1.2.04" >
7
8    <uses-sdk
9        android:minSdkVersion="21"
9-->src/main/AndroidManifest.xml
10        android:targetSdkVersion="30" />
10-->src/main/AndroidManifest.xml
11
12    <uses-permission android:name="android.permission.WRITE_EXTERNAL_STORAGE" />
12-->src/main/AndroidManifest.xml:6:5-81
12-->src/main/AndroidManifest.xml:6:22-78
13
14    <application
14-->src/main/AndroidManifest.xml:8:5-77:19
15        android:allowBackup="true"
15-->src/main/AndroidManifest.xml:9:9-35
16        android:appComponentFactory="androidx.core.app.CoreComponentFactory"
16-->[androidx.core:core:1.0.0] AndroidManifest.xml:22:18-86
17        android:icon="@mipmap/ic_launcher"
17-->src/main/AndroidManifest.xml:10:9-43
18        android:label="@string/app_name"
18-->src/main/AndroidManifest.xml:11:9-41
19        android:supportsRtl="true"
19-->src/main/AndroidManifest.xml:12:9-35
20        android:testOnly="true" >
21        <service
21-->src/main/AndroidManifest.xml:13:9-27:19
22            android:name="ee.eki.ekisynt.EKISpeakService"
22-->src/main/AndroidManifest.xml:14:13-44
23            android:exported="true"
23-->src/main/AndroidManifest.xml:15:13-36
24            android:label="@string/service_name" >
24-->src/main/AndroidManifest.xml:16:13-49
25
26            <!-- android:process=":remote" -->
27            <intent-filter>
27-->src/main/AndroidManifest.xml:18:13-22:29
28                <action android:name="android.intent.action.TTS_SERVICE" />
28-->src/main/AndroidManifest.xml:19:17-76
28-->src/main/AndroidManifest.xml:19:25-73
29
30                <category android:name="android.intent.category.DEFAULT" />
30-->src/main/AndroidManifest.xml:21:17-76
30-->src/main/AndroidManifest.xml:21:27-73
31            </intent-filter>
32
33            <meta-data
33-->src/main/AndroidManifest.xml:24:13-26:54
34                android:name="android.speech.tts"
34-->src/main/AndroidManifest.xml:25:17-50
35                android:resource="@xml/tts_engine" />
35-->src/main/AndroidManifest.xml:26:17-51
36        </service>
37
38        <activity
38-->src/main/AndroidManifest.xml:29:9-38:20
39            android:name="ee.eki.ekisynt.GetSampleText"
39-->src/main/AndroidManifest.xml:30:13-42
40            android:label="@string/app_name"
40-->src/main/AndroidManifest.xml:31:13-45
41            android:theme="@android:style/Theme.NoDisplay" >
41-->src/main/AndroidManifest.xml:32:13-59
42            <intent-filter>
42-->src/main/AndroidManifest.xml:33:13-37:29
43                <action android:name="android.speech.tts.engine.GET_SAMPLE_TEXT" />
43-->src/main/AndroidManifest.xml:34:17-84
43-->src/main/AndroidManifest.xml:34:25-81
44
45                <category android:name="android.intent.category.DEFAULT" />
45-->src/main/AndroidManifest.xml:21:17-76
45-->src/main/AndroidManifest.xml:21:27-73
46            </intent-filter>
47        </activity>
48        <activity
48-->src/main/AndroidManifest.xml:39:9-47:20
49            android:name="ee.eki.ekisynt.CheckVoiceData"
49-->src/main/AndroidManifest.xml:40:13-43
50            android:theme="@android:style/Theme.NoDisplay" >
50-->src/main/AndroidManifest.xml:41:13-59
51            <intent-filter>
51-->src/main/AndroidManifest.xml:42:13-46:29
52                <action android:name="android.speech.tts.engine.CHECK_TTS_DATA" />
52-->src/main/AndroidManifest.xml:43:17-83
52-->src/main/AndroidManifest.xml:43:25-80
53
54                <category android:name="android.intent.category.DEFAULT" />
54-->src/main/AndroidManifest.xml:21:17-76
54-->src/main/AndroidManifest.xml:21:27-73
55            </intent-filter>
56        </activity>
57        <activity
57-->src/main/AndroidManifest.xml:48:9-56:20
58            android:name="ee.eki.ekisynt.EKISpeakActivity"
58-->src/main/AndroidManifest.xml:49:13-45
59            android:label="@string/app_name" >
59-->src/main/AndroidManifest.xml:50:13-45
60            <intent-filter>
60-->src/main/AndroidManifest.xml:51:13-55:29
61                <action android:name="android.intent.action.MAIN" />
61-->src/main/AndroidManifest.xml:52:17-69
61-->src/main/AndroidManifest.xml:52:25-66
62
63                <category android:name="android.intent.category.LAUNCHER" />
63-->src/main/AndroidManifest.xml:54:17-77
63-->src/main/AndroidManifest.xml:54:27-74
64            </intent-filter>
65        </activity>
66        <activity
66-->src/main/AndroidManifest.xml:57:9-65:20
67            android:name="ee.eki.ekisynt.TtsSettingsActivity"
67-->src/main/AndroidManifest.xml:58:13-48
68            android:label="@string/tts_settings_label" >
68-->src/main/AndroidManifest.xml:59:13-55
69            <intent-filter>
69-->src/main/AndroidManifest.xml:60:13-64:29
70                <action android:name="android.speech.tts.engine.CONFIGURE_ENGINE" />
70-->src/main/AndroidManifest.xml:61:17-85
70-->src/main/AndroidManifest.xml:61:25-82
71
72                <category android:name="android.intent.category.DEFAULT" />
72-->src/main/AndroidManifest.xml:21:17-76
72-->src/main/AndroidManifest.xml:21:27-73
73            </intent-filter>
74        </activity>
75        <activity
75-->src/main/AndroidManifest.xml:67:9-76:20
76            android:name="ee.eki.ekisynt.ProcessTextActivity"
76-->src/main/AndroidManifest.xml:68:13-48
77            android:label="@string/label_activity_process_text"
77-->src/main/AndroidManifest.xml:69:13-64
78            android:theme="@android:style/Theme.DeviceDefault.Dialog.NoActionBar" >
78-->src/main/AndroidManifest.xml:70:13-82
79            <intent-filter>
79-->src/main/AndroidManifest.xml:71:13-75:29
80                <action android:name="android.intent.action.PROCESS_TEXT" />
80-->src/main/AndroidManifest.xml:72:17-77
80-->src/main/AndroidManifest.xml:72:25-74
81
82                <category android:name="android.intent.category.DEFAULT" />
82-->src/main/AndroidManifest.xml:21:17-76
82-->src/main/AndroidManifest.xml:21:27-73
83
84                <data android:mimeType="text/plain" />
84-->src/main/AndroidManifest.xml:74:17-55
84-->src/main/AndroidManifest.xml:74:23-52
85            </intent-filter>
86        </activity>
87    </application>
88
89</manifest>